[debug] [2025-11-30T11:04:47.927Z] ----------------------------------------------------------------------
[debug] [2025-11-30T11:04:47.937Z] Command:       C:\nvm4w\nodejs\node.exe C:\nvm4w\nodejs\node_modules\firebase-tools\lib\bin\firebase.js deploy --only functions
[debug] [2025-11-30T11:04:47.938Z] CLI Version:   14.26.0
[debug] [2025-11-30T11:04:47.939Z] Platform:      win32
[debug] [2025-11-30T11:04:47.939Z] Node Version:  v20.19.0
[debug] [2025-11-30T11:04:47.939Z] Time:          Sun Nov 30 2025 16:34:47 GMT+0530 (India Standard Time)
[debug] [2025-11-30T11:04:47.940Z] ----------------------------------------------------------------------
[debug] 
[debug] [2025-11-30T11:04:48.810Z] > command requires scopes: ["email","openid","https://www.googleapis.com/auth/cloudplatformprojects.readonly","https://www.googleapis.com/auth/firebase","https://www.googleapis.com/auth/cloud-platform"]
[debug] [2025-11-30T11:04:48.811Z] > authorizing via signed-in user (bhupeshkhedikar1999@gmail.com)
[debug] [2025-11-30T11:04:48.811Z] [iam] checking project patbet-a645f for permissions ["cloudfunctions.functions.create","cloudfunctions.functions.delete","cloudfunctions.functions.get","cloudfunctions.functions.list","cloudfunctions.functions.update","cloudfunctions.operations.get","firebase.projects.get"]
[debug] [2025-11-30T11:04:48.814Z] Checked if tokens are valid: true, expires at: 1764502793055
[debug] [2025-11-30T11:04:48.815Z] Checked if tokens are valid: true, expires at: 1764502793055
[debug] [2025-11-30T11:04:48.819Z] >>> [apiv2][query] POST https://cloudresourcemanager.googleapis.com/v1/projects/patbet-a645f:testIamPermissions [none]
[debug] [2025-11-30T11:04:48.820Z] >>> [apiv2][(partial)header] POST https://cloudresourcemanager.googleapis.com/v1/projects/patbet-a645f:testIamPermissions x-goog-quota-user=projects/patbet-a645f
[debug] [2025-11-30T11:04:48.820Z] >>> [apiv2][body] POST https://cloudresourcemanager.googleapis.com/v1/projects/patbet-a645f:testIamPermissions {"permissions":["cloudfunctions.functions.create","cloudfunctions.functions.delete","cloudfunctions.functions.get","cloudfunctions.functions.list","cloudfunctions.functions.update","cloudfunctions.operations.get","firebase.projects.get"]}
[debug] [2025-11-30T11:04:52.570Z] <<< [apiv2][status] POST https://cloudresourcemanager.googleapis.com/v1/projects/patbet-a645f:testIamPermissions 200
[debug] [2025-11-30T11:04:52.571Z] <<< [apiv2][body] POST https://cloudresourcemanager.googleapis.com/v1/projects/patbet-a645f:testIamPermissions {"permissions":["cloudfunctions.functions.create","cloudfunctions.functions.delete","cloudfunctions.functions.get","cloudfunctions.functions.list","cloudfunctions.functions.update","cloudfunctions.operations.get","firebase.projects.get"]}
[debug] [2025-11-30T11:04:52.572Z] Checked if tokens are valid: true, expires at: 1764502793055
[debug] [2025-11-30T11:04:52.572Z] Checked if tokens are valid: true, expires at: 1764502793055
[debug] [2025-11-30T11:04:52.572Z] >>> [apiv2][query] POST https://iam.googleapis.com/v1/projects/patbet-a645f/serviceAccounts/patbet-a645f@appspot.gserviceaccount.com:testIamPermissions [none]
[debug] [2025-11-30T11:04:52.572Z] >>> [apiv2][body] POST https://iam.googleapis.com/v1/projects/patbet-a645f/serviceAccounts/patbet-a645f@appspot.gserviceaccount.com:testIamPermissions {"permissions":["iam.serviceAccounts.actAs"]}
[debug] [2025-11-30T11:04:55.540Z] <<< [apiv2][status] POST https://iam.googleapis.com/v1/projects/patbet-a645f/serviceAccounts/patbet-a645f@appspot.gserviceaccount.com:testIamPermissions 200
[debug] [2025-11-30T11:04:55.540Z] <<< [apiv2][body] POST https://iam.googleapis.com/v1/projects/patbet-a645f/serviceAccounts/patbet-a645f@appspot.gserviceaccount.com:testIamPermissions {"permissions":["iam.serviceAccounts.actAs"]}
[info] 
[info] === Deploying to 'patbet-a645f'...
[info] 
[info] i  deploying functions 
[debug] [2025-11-30T11:04:55.553Z] Checked if tokens are valid: true, expires at: 1764502793055
[debug] [2025-11-30T11:04:55.553Z] Checked if tokens are valid: true, expires at: 1764502793055
[debug] [2025-11-30T11:04:55.553Z] >>> [apiv2][query] GET https://cloudresourcemanager.googleapis.com/v1/projects/patbet-a645f [none]
[debug] [2025-11-30T11:04:55.938Z] <<< [apiv2][status] GET https://cloudresourcemanager.googleapis.com/v1/projects/patbet-a645f 200
[debug] [2025-11-30T11:04:55.938Z] <<< [apiv2][body] GET https://cloudresourcemanager.googleapis.com/v1/projects/patbet-a645f {"projectNumber":"235562665382","projectId":"patbet-a645f","lifecycleState":"ACTIVE","name":"Patbet","labels":{"firebase":"enabled","firebase-core":"disabled"},"createTime":"2025-01-30T07:34:00.397833Z"}
[info] i  functions: preparing codebase default for deployment 
[info] i  functions: ensuring required API cloudfunctions.googleapis.com is enabled... 
[info] i  functions: ensuring required API cloudbuild.googleapis.com is enabled... 
[info] i  artifactregistry: ensuring required API artifactregistry.googleapis.com is enabled... 
[debug] [2025-11-30T11:04:55.969Z] Checked if tokens are valid: true, expires at: 1764502793055
[debug] [2025-11-30T11:04:55.970Z] Checked if tokens are valid: true, expires at: 1764502793055
[debug] [2025-11-30T11:04:55.970Z] >>> [apiv2][query] GET https://firebase.googleapis.com/v1beta1/projects/patbet-a645f/adminSdkConfig [none]
[debug] [2025-11-30T11:04:56.709Z] <<< [apiv2][status] GET https://firebase.googleapis.com/v1beta1/projects/patbet-a645f/adminSdkConfig 200
[debug] [2025-11-30T11:04:56.710Z] <<< [apiv2][body] GET https://firebase.googleapis.com/v1beta1/projects/patbet-a645f/adminSdkConfig {"projectId":"patbet-a645f","storageBucket":"patbet-a645f.firebasestorage.app"}
[debug] [2025-11-30T11:04:56.713Z] Validating nodejs source
[debug] [2025-11-30T11:05:00.718Z] > [functions] package.json contents: {
  "name": "functions",
  "description": "Cloud Functions for Firebase",
  "scripts": {
    "serve": "firebase emulators:start --only functions",
    "shell": "firebase functions:shell",
    "start": "npm run shell",
    "deploy": "firebase deploy --only functions",
    "logs": "firebase functions:log"
  },
  "engines": {
    "node": "20"
  },
  "main": "index.js",
  "dependencies": {
    "firebase-admin": "^11.10.1",
    "firebase-functions": "^7.0.0"
  },
  "devDependencies": {
    "firebase-functions-test": "^3.4.1"
  },
  "private": true
}
[debug] [2025-11-30T11:05:00.719Z] Building nodejs source
[info] i  functions: Loading and analyzing source code for codebase default to determine what to deploy 
[debug] [2025-11-30T11:05:00.738Z] Could not find functions.yaml. Must use http discovery
[debug] [2025-11-30T11:05:00.763Z] Found firebase-functions binary at 'C:\Users\HP\Desktop\all folders\folderpatbet\patbet\functions\node_modules\.bin\firebase-functions'
[info] Serving at port 8748

[debug] [2025-11-30T11:05:02.353Z] Got response from /__/functions.yaml {"endpoints":{"updateBetsInstant":{"availableMemoryMb":null,"timeoutSeconds":null,"minInstances":null,"maxInstances":null,"ingressSettings":null,"concurrency":null,"serviceAccountEmail":null,"vpc":null,"platform":"gcfv2","labels":{},"eventTrigger":{"eventType":"google.cloud.firestore.document.v1.updated","eventFilters":{"database":"(default)","namespace":"(default)"},"eventFilterPathPatterns":{"document":"games/{gameId}"},"retry":false},"entryPoint":"updateBetsInstant"}},"specVersion":"v1alpha1","requiredAPIs":[],"extensions":{}}
[info] i  extensions: ensuring required API firebaseextensions.googleapis.com is enabled... 
[debug] [2025-11-30T11:05:06.483Z] Checked if tokens are valid: true, expires at: 1764502793055
[debug] [2025-11-30T11:05:06.483Z] Checked if tokens are valid: true, expires at: 1764502793055
[debug] [2025-11-30T11:05:06.483Z] >>> [apiv2][query] GET https://serviceusage.googleapis.com/v1/projects/patbet-a645f/services/firebaseextensions.googleapis.com [none]
[debug] [2025-11-30T11:05:06.484Z] >>> [apiv2][(partial)header] GET https://serviceusage.googleapis.com/v1/projects/patbet-a645f/services/firebaseextensions.googleapis.com x-goog-quota-user=projects/patbet-a645f
[debug] [2025-11-30T11:05:08.659Z] <<< [apiv2][status] GET https://serviceusage.googleapis.com/v1/projects/patbet-a645f/services/firebaseextensions.googleapis.com 200
[debug] [2025-11-30T11:05:08.659Z] <<< [apiv2][body] GET https://serviceusage.googleapis.com/v1/projects/patbet-a645f/services/firebaseextensions.googleapis.com [omitted]
[warn] !  extensions: missing required API firebaseextensions.googleapis.com. Enabling now... 
[debug] [2025-11-30T11:05:08.661Z] Checked if tokens are valid: true, expires at: 1764502793055
[debug] [2025-11-30T11:05:08.661Z] Checked if tokens are valid: true, expires at: 1764502793055
[debug] [2025-11-30T11:05:08.661Z] >>> [apiv2][query] POST https://serviceusage.googleapis.com/v1/projects/patbet-a645f/services/firebaseextensions.googleapis.com:enable [none]
[debug] [2025-11-30T11:05:08.661Z] >>> [apiv2][(partial)header] POST https://serviceusage.googleapis.com/v1/projects/patbet-a645f/services/firebaseextensions.googleapis.com:enable x-goog-quota-user=projects/patbet-a645f
[debug] [2025-11-30T11:05:10.701Z] <<< [apiv2][status] POST https://serviceusage.googleapis.com/v1/projects/patbet-a645f/services/firebaseextensions.googleapis.com:enable 200
[debug] [2025-11-30T11:05:10.701Z] <<< [apiv2][body] POST https://serviceusage.googleapis.com/v1/projects/patbet-a645f/services/firebaseextensions.googleapis.com:enable [omitted]
[debug] [2025-11-30T11:05:20.730Z] > command requires scopes: ["email","openid","https://www.googleapis.com/auth/cloudplatformprojects.readonly","https://www.googleapis.com/auth/firebase","https://www.googleapis.com/auth/cloud-platform"]
[debug] [2025-11-30T11:05:20.730Z] > authorizing via signed-in user (bhupeshkhedikar1999@gmail.com)
[debug] [2025-11-30T11:05:20.730Z] [iam] checking project patbet-a645f for permissions ["firebase.projects.get","firebaseextensions.instances.list"]
[debug] [2025-11-30T11:05:20.730Z] Checked if tokens are valid: true, expires at: 1764502793055
[debug] [2025-11-30T11:05:20.731Z] Checked if tokens are valid: true, expires at: 1764502793055
[debug] [2025-11-30T11:05:20.731Z] >>> [apiv2][query] POST https://cloudresourcemanager.googleapis.com/v1/projects/patbet-a645f:testIamPermissions [none]
[debug] [2025-11-30T11:05:20.731Z] >>> [apiv2][(partial)header] POST https://cloudresourcemanager.googleapis.com/v1/projects/patbet-a645f:testIamPermissions x-goog-quota-user=projects/patbet-a645f
[debug] [2025-11-30T11:05:20.731Z] >>> [apiv2][body] POST https://cloudresourcemanager.googleapis.com/v1/projects/patbet-a645f:testIamPermissions {"permissions":["firebase.projects.get","firebaseextensions.instances.list"]}
[debug] [2025-11-30T11:05:23.062Z] <<< [apiv2][status] POST https://cloudresourcemanager.googleapis.com/v1/projects/patbet-a645f:testIamPermissions 200
[debug] [2025-11-30T11:05:23.063Z] <<< [apiv2][body] POST https://cloudresourcemanager.googleapis.com/v1/projects/patbet-a645f:testIamPermissions {"permissions":["firebase.projects.get","firebaseextensions.instances.list"]}
[debug] [2025-11-30T11:05:23.063Z] Checked if tokens are valid: true, expires at: 1764502793055
[debug] [2025-11-30T11:05:23.064Z] Checked if tokens are valid: true, expires at: 1764502793055
[debug] [2025-11-30T11:05:23.065Z] >>> [apiv2][query] GET https://firebaseextensions.googleapis.com/v1beta/projects/patbet-a645f/instances pageSize=100&pageToken=
[debug] [2025-11-30T11:05:26.517Z] <<< [apiv2][status] GET https://firebaseextensions.googleapis.com/v1beta/projects/patbet-a645f/instances 200
[debug] [2025-11-30T11:05:26.517Z] <<< [apiv2][body] GET https://firebaseextensions.googleapis.com/v1beta/projects/patbet-a645f/instances {}
[info] i  functions: preparing functions directory for uploading... 
[info] i  functions: packaged C:\Users\HP\Desktop\all folders\folderpatbet\patbet\functions (74.08 KB) for uploading 
[debug] [2025-11-30T11:05:26.803Z] Checked if tokens are valid: true, expires at: 1764502793055
[debug] [2025-11-30T11:05:26.803Z] Checked if tokens are valid: true, expires at: 1764502793055
[debug] [2025-11-30T11:05:26.804Z] >>> [apiv2][query] GET https://cloudfunctions.googleapis.com/v1/projects/patbet-a645f/locations/-/functions [none]
[debug] [2025-11-30T11:05:28.131Z] <<< [apiv2][status] GET https://cloudfunctions.googleapis.com/v1/projects/patbet-a645f/locations/-/functions 200
[debug] [2025-11-30T11:05:28.132Z] <<< [apiv2][body] GET https://cloudfunctions.googleapis.com/v1/projects/patbet-a645f/locations/-/functions {}
[debug] [2025-11-30T11:05:28.132Z] Checked if tokens are valid: true, expires at: 1764502793055
[debug] [2025-11-30T11:05:28.133Z] Checked if tokens are valid: true, expires at: 1764502793055
[debug] [2025-11-30T11:05:28.133Z] >>> [apiv2][query] GET https://cloudfunctions.googleapis.com/v2/projects/patbet-a645f/locations/-/functions filter=environment%3D%22GEN_2%22
[debug] [2025-11-30T11:05:29.852Z] <<< [apiv2][status] GET https://cloudfunctions.googleapis.com/v2/projects/patbet-a645f/locations/-/functions 200
[debug] [2025-11-30T11:05:29.852Z] <<< [apiv2][body] GET https://cloudfunctions.googleapis.com/v2/projects/patbet-a645f/locations/-/functions {}
[debug] [2025-11-30T11:05:29.855Z] Checked if tokens are valid: true, expires at: 1764502793055
[debug] [2025-11-30T11:05:29.855Z] Checked if tokens are valid: true, expires at: 1764502793055
[debug] [2025-11-30T11:05:29.856Z] >>> [apiv2][query] GET https://firestore.googleapis.com/v1/projects/patbet-a645f/databases/(default) [none]
[debug] [2025-11-30T11:05:34.372Z] <<< [apiv2][status] GET https://firestore.googleapis.com/v1/projects/patbet-a645f/databases/(default) 200
[debug] [2025-11-30T11:05:34.372Z] <<< [apiv2][body] GET https://firestore.googleapis.com/v1/projects/patbet-a645f/databases/(default) {"name":"projects/patbet-a645f/databases/(default)","uid":"228bde4c-422c-4313-89b5-e3849e3b5190","createTime":"2025-01-30T07:36:26.136052Z","updateTime":"2025-01-30T07:36:26.136052Z","locationId":"nam5","type":"FIRESTORE_NATIVE","concurrencyMode":"PESSIMISTIC","versionRetentionPeriod":"3600s","earliestVersionTime":"2025-11-30T10:05:34.802943Z","appEngineIntegrationMode":"DISABLED","keyPrefix":"s","pointInTimeRecoveryEnablement":"POINT_IN_TIME_RECOVERY_DISABLED","deleteProtectionState":"DELETE_PROTECTION_DISABLED","databaseEdition":"STANDARD","freeTier":true,"realtimeUpdatesMode":"REALTIME_UPDATES_MODE_ENABLED","etag":"IKryg7zdmZEDMNTqtuyahpAD"}
[info] i  functions: ensuring required API run.googleapis.com is enabled... 
[debug] [2025-11-30T11:05:34.376Z] Checked if tokens are valid: true, expires at: 1764502793055
[debug] [2025-11-30T11:05:34.377Z] Checked if tokens are valid: true, expires at: 1764502793055
[info] i  functions: ensuring required API eventarc.googleapis.com is enabled... 
[debug] [2025-11-30T11:05:34.378Z] Checked if tokens are valid: true, expires at: 1764502793055
[debug] [2025-11-30T11:05:34.378Z] Checked if tokens are valid: true, expires at: 1764502793055
[info] i  functions: ensuring required API pubsub.googleapis.com is enabled... 
[debug] [2025-11-30T11:05:34.380Z] Checked if tokens are valid: true, expires at: 1764502793055
[debug] [2025-11-30T11:05:34.381Z] Checked if tokens are valid: true, expires at: 1764502793055
[info] i  functions: ensuring required API storage.googleapis.com is enabled... 
[debug] [2025-11-30T11:05:34.405Z] Checked if tokens are valid: true, expires at: 1764502793055
[debug] [2025-11-30T11:05:34.406Z] Checked if tokens are valid: true, expires at: 1764502793055
[debug] [2025-11-30T11:05:34.406Z] >>> [apiv2][query] GET https://serviceusage.googleapis.com/v1/projects/235562665382/services/run.googleapis.com [none]
[debug] [2025-11-30T11:05:34.406Z] >>> [apiv2][(partial)header] GET https://serviceusage.googleapis.com/v1/projects/235562665382/services/run.googleapis.com x-goog-quota-user=projects/235562665382
[debug] [2025-11-30T11:05:34.415Z] >>> [apiv2][query] GET https://serviceusage.googleapis.com/v1/projects/235562665382/services/eventarc.googleapis.com [none]
[debug] [2025-11-30T11:05:34.415Z] >>> [apiv2][(partial)header] GET https://serviceusage.googleapis.com/v1/projects/235562665382/services/eventarc.googleapis.com x-goog-quota-user=projects/235562665382
[debug] [2025-11-30T11:05:34.420Z] >>> [apiv2][query] GET https://serviceusage.googleapis.com/v1/projects/235562665382/services/pubsub.googleapis.com [none]
[debug] [2025-11-30T11:05:34.420Z] >>> [apiv2][(partial)header] GET https://serviceusage.googleapis.com/v1/projects/235562665382/services/pubsub.googleapis.com x-goog-quota-user=projects/235562665382
[debug] [2025-11-30T11:05:34.425Z] >>> [apiv2][query] GET https://serviceusage.googleapis.com/v1/projects/235562665382/services/storage.googleapis.com [none]
[debug] [2025-11-30T11:05:34.426Z] >>> [apiv2][(partial)header] GET https://serviceusage.googleapis.com/v1/projects/235562665382/services/storage.googleapis.com x-goog-quota-user=projects/235562665382
[debug] [2025-11-30T11:05:36.362Z] <<< [apiv2][status] GET https://serviceusage.googleapis.com/v1/projects/235562665382/services/eventarc.googleapis.com 200
[debug] [2025-11-30T11:05:36.362Z] <<< [apiv2][body] GET https://serviceusage.googleapis.com/v1/projects/235562665382/services/eventarc.googleapis.com [omitted]
[warn] !  functions: missing required API eventarc.googleapis.com. Enabling now... 
[debug] [2025-11-30T11:05:36.363Z] Checked if tokens are valid: true, expires at: 1764502793055
[debug] [2025-11-30T11:05:36.363Z] Checked if tokens are valid: true, expires at: 1764502793055
[debug] [2025-11-30T11:05:36.363Z] >>> [apiv2][query] POST https://serviceusage.googleapis.com/v1/projects/235562665382/services/eventarc.googleapis.com:enable [none]
[debug] [2025-11-30T11:05:36.363Z] >>> [apiv2][(partial)header] POST https://serviceusage.googleapis.com/v1/projects/235562665382/services/eventarc.googleapis.com:enable x-goog-quota-user=projects/235562665382
[debug] [2025-11-30T11:05:36.418Z] <<< [apiv2][status] GET https://serviceusage.googleapis.com/v1/projects/235562665382/services/pubsub.googleapis.com 200
[debug] [2025-11-30T11:05:36.419Z] <<< [apiv2][body] GET https://serviceusage.googleapis.com/v1/projects/235562665382/services/pubsub.googleapis.com [omitted]
[info] +  functions: required API pubsub.googleapis.com is enabled 
[debug] [2025-11-30T11:05:36.432Z] <<< [apiv2][status] GET https://serviceusage.googleapis.com/v1/projects/235562665382/services/run.googleapis.com 200
[debug] [2025-11-30T11:05:36.432Z] <<< [apiv2][body] GET https://serviceusage.googleapis.com/v1/projects/235562665382/services/run.googleapis.com [omitted]
[warn] !  functions: missing required API run.googleapis.com. Enabling now... 
[debug] [2025-11-30T11:05:36.433Z] Checked if tokens are valid: true, expires at: 1764502793055
[debug] [2025-11-30T11:05:36.433Z] Checked if tokens are valid: true, expires at: 1764502793055
[debug] [2025-11-30T11:05:36.434Z] >>> [apiv2][query] POST https://serviceusage.googleapis.com/v1/projects/235562665382/services/run.googleapis.com:enable [none]
[debug] [2025-11-30T11:05:36.434Z] >>> [apiv2][(partial)header] POST https://serviceusage.googleapis.com/v1/projects/235562665382/services/run.googleapis.com:enable x-goog-quota-user=projects/235562665382
[debug] [2025-11-30T11:05:36.453Z] <<< [apiv2][status] GET https://serviceusage.googleapis.com/v1/projects/235562665382/services/storage.googleapis.com 200
[debug] [2025-11-30T11:05:36.453Z] <<< [apiv2][body] GET https://serviceusage.googleapis.com/v1/projects/235562665382/services/storage.googleapis.com [omitted]
[info] +  functions: required API storage.googleapis.com is enabled 
[debug] [2025-11-30T11:05:38.252Z] <<< [apiv2][status] POST https://serviceusage.googleapis.com/v1/projects/235562665382/services/eventarc.googleapis.com:enable 200
[debug] [2025-11-30T11:05:38.253Z] <<< [apiv2][body] POST https://serviceusage.googleapis.com/v1/projects/235562665382/services/eventarc.googleapis.com:enable [omitted]
[debug] [2025-11-30T11:05:38.964Z] <<< [apiv2][status] POST https://serviceusage.googleapis.com/v1/projects/235562665382/services/run.googleapis.com:enable 200
[debug] [2025-11-30T11:05:38.964Z] <<< [apiv2][body] POST https://serviceusage.googleapis.com/v1/projects/235562665382/services/run.googleapis.com:enable [omitted]
[info] i  functions: generating the service identity for pubsub.googleapis.com... 
[debug] [2025-11-30T11:05:48.997Z] Checked if tokens are valid: true, expires at: 1764502793055
[debug] [2025-11-30T11:05:48.998Z] Checked if tokens are valid: true, expires at: 1764502793055
[info] i  functions: generating the service identity for eventarc.googleapis.com... 
[debug] [2025-11-30T11:05:48.999Z] Checked if tokens are valid: true, expires at: 1764502793055
[debug] [2025-11-30T11:05:48.999Z] Checked if tokens are valid: true, expires at: 1764502793055
[debug] [2025-11-30T11:05:48.999Z] >>> [apiv2][query] POST https://serviceusage.googleapis.com/v1beta1/projects/235562665382/services/pubsub.googleapis.com:generateServiceIdentity [none]
[debug] [2025-11-30T11:05:49.000Z] >>> [apiv2][(partial)header] POST https://serviceusage.googleapis.com/v1beta1/projects/235562665382/services/pubsub.googleapis.com:generateServiceIdentity x-goog-quota-user=projects/235562665382
[debug] [2025-11-30T11:05:49.000Z] >>> [apiv2][body] POST https://serviceusage.googleapis.com/v1beta1/projects/235562665382/services/pubsub.googleapis.com:generateServiceIdentity {}
[debug] [2025-11-30T11:05:49.016Z] >>> [apiv2][query] POST https://serviceusage.googleapis.com/v1beta1/projects/235562665382/services/eventarc.googleapis.com:generateServiceIdentity [none]
[debug] [2025-11-30T11:05:49.016Z] >>> [apiv2][(partial)header] POST https://serviceusage.googleapis.com/v1beta1/projects/235562665382/services/eventarc.googleapis.com:generateServiceIdentity x-goog-quota-user=projects/235562665382
[debug] [2025-11-30T11:05:49.017Z] >>> [apiv2][body] POST https://serviceusage.googleapis.com/v1beta1/projects/235562665382/services/eventarc.googleapis.com:generateServiceIdentity {}
[debug] [2025-11-30T11:05:51.564Z] <<< [apiv2][status] POST https://serviceusage.googleapis.com/v1beta1/projects/235562665382/services/eventarc.googleapis.com:generateServiceIdentity 200
[debug] [2025-11-30T11:05:51.565Z] <<< [apiv2][body] POST https://serviceusage.googleapis.com/v1beta1/projects/235562665382/services/eventarc.googleapis.com:generateServiceIdentity {"name":"operations/finished.DONE_OPERATION","done":true,"response":{"@type":"type.googleapis.com/google.api.serviceusage.v1beta1.ServiceIdentity","email":"service-235562665382@gcp-sa-eventarc.iam.gserviceaccount.com","uniqueId":"109220163851930895921"}}
[debug] [2025-11-30T11:05:51.671Z] <<< [apiv2][status] POST https://serviceusage.googleapis.com/v1beta1/projects/235562665382/services/pubsub.googleapis.com:generateServiceIdentity 200
[debug] [2025-11-30T11:05:51.671Z] <<< [apiv2][body] POST https://serviceusage.googleapis.com/v1beta1/projects/235562665382/services/pubsub.googleapis.com:generateServiceIdentity {"name":"operations/finished.DONE_OPERATION","done":true,"response":{"@type":"type.googleapis.com/google.api.serviceusage.v1beta1.ServiceIdentity","email":"service-235562665382@gcp-sa-pubsub.iam.gserviceaccount.com","uniqueId":"105973340207391213161"}}
[debug] [2025-11-30T11:05:51.674Z] Checked if tokens are valid: true, expires at: 1764502793055
[debug] [2025-11-30T11:05:51.674Z] Checked if tokens are valid: true, expires at: 1764502793055
[debug] [2025-11-30T11:05:51.674Z] >>> [apiv2][query] GET https://compute.googleapis.com/compute/v1/projects/235562665382 [none]
[debug] [2025-11-30T11:05:53.761Z] <<< [apiv2][status] GET https://compute.googleapis.com/compute/v1/projects/235562665382 403
[debug] [2025-11-30T11:05:53.761Z] <<< [apiv2][body] GET https://compute.googleapis.com/compute/v1/projects/235562665382 {"error":{"code":403,"message":"Compute Engine API has not been used in project 235562665382 before or it is disabled. Enable it by visiting https://console.developers.google.com/apis/api/compute.googleapis.com/overview?project=235562665382 then retry. If you enabled this API recently, wait a few minutes for the action to propagate to our systems and retry.","errors":[{"message":"Compute Engine API has not been used in project 235562665382 before or it is disabled. Enable it by visiting https://console.developers.google.com/apis/api/compute.googleapis.com/overview?project=235562665382 then retry. If you enabled this API recently, wait a few minutes for the action to propagate to our systems and retry.","domain":"usageLimits","reason":"accessNotConfigured","extendedHelp":"https://console.developers.google.com"}],"status":"PERMISSION_DENIED","details":[{"@type":"type.googleapis.com/google.rpc.ErrorInfo","reason":"SERVICE_DISABLED","domain":"googleapis.com","metadata":{"service":"compute.googleapis.com","activationUrl":"https://console.developers.google.com/apis/api/compute.googleapis.com/overview?project=235562665382","consumer":"projects/235562665382","containerInfo":"235562665382","serviceTitle":"Compute Engine API"}},{"@type":"type.googleapis.com/google.rpc.LocalizedMessage","locale":"en-US","message":"Compute Engine API has not been used in project 235562665382 before or it is disabled. Enable it by visiting https://console.developers.google.com/apis/api/compute.googleapis.com/overview?project=235562665382 then retry. If you enabled this API recently, wait a few minutes for the action to propagate to our systems and retry."},{"@type":"type.googleapis.com/google.rpc.Help","links":[{"description":"Google developers console API activation","url":"https://console.developers.google.com/apis/api/compute.googleapis.com/overview?project=235562665382"}]}]}}
[debug] [2025-11-30T11:05:53.762Z] unable to look up default compute service account. Falling back to 235562665382-compute@developer.gserviceaccount.com. Error: {"name":"FirebaseError","children":[],"context":{"body":{"error":{"code":403,"message":"Compute Engine API has not been used in project 235562665382 before or it is disabled. Enable it by visiting https://console.developers.google.com/apis/api/compute.googleapis.com/overview?project=235562665382 then retry. If you enabled this API recently, wait a few minutes for the action to propagate to our systems and retry.","errors":[{"message":"Compute Engine API has not been used in project 235562665382 before or it is disabled. Enable it by visiting https://console.developers.google.com/apis/api/compute.googleapis.com/overview?project=235562665382 then retry. If you enabled this API recently, wait a few minutes for the action to propagate to our systems and retry.","domain":"usageLimits","reason":"accessNotConfigured","extendedHelp":"https://console.developers.google.com"}],"status":"PERMISSION_DENIED","details":[{"@type":"type.googleapis.com/google.rpc.ErrorInfo","reason":"SERVICE_DISABLED","domain":"googleapis.com","metadata":{"service":"compute.googleapis.com","activationUrl":"https://console.developers.google.com/apis/api/compute.googleapis.com/overview?project=235562665382","consumer":"projects/235562665382","containerInfo":"235562665382","serviceTitle":"Compute Engine API"}},{"@type":"type.googleapis.com/google.rpc.LocalizedMessage","locale":"en-US","message":"Compute Engine API has not been used in project 235562665382 before or it is disabled. Enable it by visiting https://console.developers.google.com/apis/api/compute.googleapis.com/overview?project=235562665382 then retry. If you enabled this API recently, wait a few minutes for the action to propagate to our systems and retry."},{"@type":"type.googleapis.com/google.rpc.Help","links":[{"description":"Google developers console API activation","url":"https://console.developers.google.com/apis/api/compute.googleapis.com/overview?project=235562665382"}]}]}},"response":{"statusCode":403}},"exit":1,"message":"Request to https://compute.googleapis.com/compute/v1/projects/235562665382 had HTTP Error: 403, Compute Engine API has not been used in project 235562665382 before or it is disabled. Enable it by visiting https://console.developers.google.com/apis/api/compute.googleapis.com/overview?project=235562665382 then retry. If you enabled this API recently, wait a few minutes for the action to propagate to our systems and retry.","status":403}
[debug] [2025-11-30T11:05:53.763Z] Checked if tokens are valid: true, expires at: 1764502793055
[debug] [2025-11-30T11:05:53.763Z] Checked if tokens are valid: true, expires at: 1764502793055
[debug] [2025-11-30T11:05:53.763Z] >>> [apiv2][query] POST https://cloudresourcemanager.googleapis.com/v1/projects/235562665382:getIamPolicy [none]
[debug] [2025-11-30T11:05:55.593Z] <<< [apiv2][status] POST https://cloudresourcemanager.googleapis.com/v1/projects/235562665382:getIamPolicy 200
[debug] [2025-11-30T11:05:55.594Z] <<< [apiv2][body] POST https://cloudresourcemanager.googleapis.com/v1/projects/235562665382:getIamPolicy {"version":1,"etag":"BwZEzdgRPag=","bindings":[{"role":"roles/cloudbuild.builds.builder","members":["serviceAccount:235562665382@cloudbuild.gserviceaccount.com"]},{"role":"roles/cloudbuild.serviceAgent","members":["serviceAccount:service-235562665382@gcp-sa-cloudbuild.iam.gserviceaccount.com"]},{"role":"roles/cloudfunctions.serviceAgent","members":["serviceAccount:service-235562665382@gcf-admin-robot.iam.gserviceaccount.com"]},{"role":"roles/containerregistry.ServiceAgent","members":["serviceAccount:service-235562665382@containerregistry.iam.gserviceaccount.com"]},{"role":"roles/editor","members":["serviceAccount:235562665382-compute@developer.gserviceaccount.com","serviceAccount:235562665382@cloudservices.gserviceaccount.com","serviceAccount:patbet-a645f@appspot.gserviceaccount.com"]},{"role":"roles/firebase.managementServiceAgent","members":["serviceAccount:service-235562665382@gcp-sa-firebase.iam.gserviceaccount.com"]},{"role":"roles/firebase.sdkAdminServiceAgent","members":["serviceAccount:firebase-adminsdk-fbsvc@patbet-a645f.iam.gserviceaccount.com"]},{"role":"roles/firebaseauth.admin","members":["serviceAccount:firebase-adminsdk-fbsvc@patbet-a645f.iam.gserviceaccount.com"]},{"role":"roles/firebasemods.serviceAgent","members":["serviceAccount:service-235562665382@gcp-sa-firebasemods.iam.gserviceaccount.com"]},{"role":"roles/firebaserules.system","members":["serviceAccount:service-235562665382@firebase-rules.iam.gserviceaccount.com"]},{"role":"roles/firestore.serviceAgent","members":["serviceAccount:service-235562665382@gcp-sa-firestore.iam.gserviceaccount.com"]},{"role":"roles/iam.serviceAccountTokenCreator","members":["serviceAccount:firebase-adminsdk-fbsvc@patbet-a645f.iam.gserviceaccount.com"]},{"role":"roles/owner","members":["user:bhupeshkhedikar1999@gmail.com"]},{"role":"roles/run.serviceAgent","members":["serviceAccount:service-235562665382@serverless-robot-prod.iam.gserviceaccount.com"]}]}
[debug] [2025-11-30T11:05:55.595Z] Checked if tokens are valid: true, expires at: 1764502793055
[debug] [2025-11-30T11:05:55.596Z] Checked if tokens are valid: true, expires at: 1764502793055
[debug] [2025-11-30T11:05:55.597Z] >>> [apiv2][query] POST https://cloudresourcemanager.googleapis.com/v1/projects/235562665382:setIamPolicy [none]
[debug] [2025-11-30T11:05:55.597Z] >>> [apiv2][body] POST https://cloudresourcemanager.googleapis.com/v1/projects/235562665382:setIamPolicy {"policy":{"version":1,"etag":"BwZEzdgRPag=","bindings":[{"role":"roles/cloudbuild.builds.builder","members":["serviceAccount:235562665382@cloudbuild.gserviceaccount.com"]},{"role":"roles/cloudbuild.serviceAgent","members":["serviceAccount:service-235562665382@gcp-sa-cloudbuild.iam.gserviceaccount.com"]},{"role":"roles/cloudfunctions.serviceAgent","members":["serviceAccount:service-235562665382@gcf-admin-robot.iam.gserviceaccount.com"]},{"role":"roles/containerregistry.ServiceAgent","members":["serviceAccount:service-235562665382@containerregistry.iam.gserviceaccount.com"]},{"role":"roles/editor","members":["serviceAccount:235562665382-compute@developer.gserviceaccount.com","serviceAccount:235562665382@cloudservices.gserviceaccount.com","serviceAccount:patbet-a645f@appspot.gserviceaccount.com"]},{"role":"roles/firebase.managementServiceAgent","members":["serviceAccount:service-235562665382@gcp-sa-firebase.iam.gserviceaccount.com"]},{"role":"roles/firebase.sdkAdminServiceAgent","members":["serviceAccount:firebase-adminsdk-fbsvc@patbet-a645f.iam.gserviceaccount.com"]},{"role":"roles/firebaseauth.admin","members":["serviceAccount:firebase-adminsdk-fbsvc@patbet-a645f.iam.gserviceaccount.com"]},{"role":"roles/firebasemods.serviceAgent","members":["serviceAccount:service-235562665382@gcp-sa-firebasemods.iam.gserviceaccount.com"]},{"role":"roles/firebaserules.system","members":["serviceAccount:service-235562665382@firebase-rules.iam.gserviceaccount.com"]},{"role":"roles/firestore.serviceAgent","members":["serviceAccount:service-235562665382@gcp-sa-firestore.iam.gserviceaccount.com"]},{"role":"roles/iam.serviceAccountTokenCreator","members":["serviceAccount:firebase-adminsdk-fbsvc@patbet-a645f.iam.gserviceaccount.com","serviceAccount:service-235562665382@gcp-sa-pubsub.iam.gserviceaccount.com"]},{"role":"roles/owner","members":["user:bhupeshkhedikar1999@gmail.com"]},{"role":"roles/run.serviceAgent","members":["serviceAccount:service-235562665382@serverless-robot-prod.iam.gserviceaccount.com"]},{"role":"roles/run.invoker","members":["serviceAccount:235562665382-compute@developer.gserviceaccount.com"]},{"role":"roles/eventarc.eventReceiver","members":["serviceAccount:235562665382-compute@developer.gserviceaccount.com"]}]},"updateMask":"bindings"}
[debug] [2025-11-30T11:05:56.622Z] <<< [apiv2][status] POST https://cloudresourcemanager.googleapis.com/v1/projects/235562665382:setIamPolicy 200
[debug] [2025-11-30T11:05:56.623Z] <<< [apiv2][body] POST https://cloudresourcemanager.googleapis.com/v1/projects/235562665382:setIamPolicy {"version":1,"etag":"BwZEzdjUaJU=","bindings":[{"role":"roles/cloudbuild.builds.builder","members":["serviceAccount:235562665382@cloudbuild.gserviceaccount.com"]},{"role":"roles/cloudbuild.serviceAgent","members":["serviceAccount:service-235562665382@gcp-sa-cloudbuild.iam.gserviceaccount.com"]},{"role":"roles/cloudfunctions.serviceAgent","members":["serviceAccount:service-235562665382@gcf-admin-robot.iam.gserviceaccount.com"]},{"role":"roles/containerregistry.ServiceAgent","members":["serviceAccount:service-235562665382@containerregistry.iam.gserviceaccount.com"]},{"role":"roles/editor","members":["serviceAccount:235562665382-compute@developer.gserviceaccount.com","serviceAccount:235562665382@cloudservices.gserviceaccount.com","serviceAccount:patbet-a645f@appspot.gserviceaccount.com"]},{"role":"roles/eventarc.eventReceiver","members":["serviceAccount:235562665382-compute@developer.gserviceaccount.com"]},{"role":"roles/firebase.managementServiceAgent","members":["serviceAccount:service-235562665382@gcp-sa-firebase.iam.gserviceaccount.com"]},{"role":"roles/firebase.sdkAdminServiceAgent","members":["serviceAccount:firebase-adminsdk-fbsvc@patbet-a645f.iam.gserviceaccount.com"]},{"role":"roles/firebaseauth.admin","members":["serviceAccount:firebase-adminsdk-fbsvc@patbet-a645f.iam.gserviceaccount.com"]},{"role":"roles/firebasemods.serviceAgent","members":["serviceAccount:service-235562665382@gcp-sa-firebasemods.iam.gserviceaccount.com"]},{"role":"roles/firebaserules.system","members":["serviceAccount:service-235562665382@firebase-rules.iam.gserviceaccount.com"]},{"role":"roles/firestore.serviceAgent","members":["serviceAccount:service-235562665382@gcp-sa-firestore.iam.gserviceaccount.com"]},{"role":"roles/iam.serviceAccountTokenCreator","members":["serviceAccount:firebase-adminsdk-fbsvc@patbet-a645f.iam.gserviceaccount.com","serviceAccount:service-235562665382@gcp-sa-pubsub.iam.gserviceaccount.com"]},{"role":"roles/owner","members":["user:bhupeshkhedikar1999@gmail.com"]},{"role":"roles/run.invoker","members":["serviceAccount:235562665382-compute@developer.gserviceaccount.com"]},{"role":"roles/run.serviceAgent","members":["serviceAccount:service-235562665382@serverless-robot-prod.iam.gserviceaccount.com"]}]}
[debug] [2025-11-30T11:05:56.624Z] Checked if tokens are valid: true, expires at: 1764502793055
[debug] [2025-11-30T11:05:56.624Z] Checked if tokens are valid: true, expires at: 1764502793055
[debug] [2025-11-30T11:05:56.624Z] >>> [apiv2][query] GET https://cloudresourcemanager.googleapis.com/v1/projects/patbet-a645f [none]
[debug] [2025-11-30T11:05:57.093Z] <<< [apiv2][status] GET https://cloudresourcemanager.googleapis.com/v1/projects/patbet-a645f 200
[debug] [2025-11-30T11:05:57.093Z] <<< [apiv2][body] GET https://cloudresourcemanager.googleapis.com/v1/projects/patbet-a645f {"projectNumber":"235562665382","projectId":"patbet-a645f","lifecycleState":"ACTIVE","name":"Patbet","labels":{"firebase":"enabled","firebase-core":"disabled"},"createTime":"2025-01-30T07:34:00.397833Z"}
[debug] [2025-11-30T11:05:57.093Z] Checked if tokens are valid: true, expires at: 1764502793055
[debug] [2025-11-30T11:05:57.093Z] Checked if tokens are valid: true, expires at: 1764502793055
[debug] [2025-11-30T11:05:57.093Z] >>> [apiv2][query] GET https://compute.googleapis.com/compute/v1/projects/235562665382 [none]
[debug] [2025-11-30T11:05:57.514Z] <<< [apiv2][status] GET https://compute.googleapis.com/compute/v1/projects/235562665382 403
[debug] [2025-11-30T11:05:57.514Z] <<< [apiv2][body] GET https://compute.googleapis.com/compute/v1/projects/235562665382 {"error":{"code":403,"message":"Compute Engine API has not been used in project 235562665382 before or it is disabled. Enable it by visiting https://console.developers.google.com/apis/api/compute.googleapis.com/overview?project=235562665382 then retry. If you enabled this API recently, wait a few minutes for the action to propagate to our systems and retry.","errors":[{"message":"Compute Engine API has not been used in project 235562665382 before or it is disabled. Enable it by visiting https://console.developers.google.com/apis/api/compute.googleapis.com/overview?project=235562665382 then retry. If you enabled this API recently, wait a few minutes for the action to propagate to our systems and retry.","domain":"usageLimits","reason":"accessNotConfigured","extendedHelp":"https://console.developers.google.com"}],"status":"PERMISSION_DENIED","details":[{"@type":"type.googleapis.com/google.rpc.ErrorInfo","reason":"SERVICE_DISABLED","domain":"googleapis.com","metadata":{"consumer":"projects/235562665382","serviceTitle":"Compute Engine API","containerInfo":"235562665382","activationUrl":"https://console.developers.google.com/apis/api/compute.googleapis.com/overview?project=235562665382","service":"compute.googleapis.com"}},{"@type":"type.googleapis.com/google.rpc.LocalizedMessage","locale":"en-US","message":"Compute Engine API has not been used in project 235562665382 before or it is disabled. Enable it by visiting https://console.developers.google.com/apis/api/compute.googleapis.com/overview?project=235562665382 then retry. If you enabled this API recently, wait a few minutes for the action to propagate to our systems and retry."},{"@type":"type.googleapis.com/google.rpc.Help","links":[{"description":"Google developers console API activation","url":"https://console.developers.google.com/apis/api/compute.googleapis.com/overview?project=235562665382"}]}]}}
[debug] [2025-11-30T11:05:57.514Z] unable to look up default compute service account. Falling back to 235562665382-compute@developer.gserviceaccount.com. Error: {"name":"FirebaseError","children":[],"context":{"body":{"error":{"code":403,"message":"Compute Engine API has not been used in project 235562665382 before or it is disabled. Enable it by visiting https://console.developers.google.com/apis/api/compute.googleapis.com/overview?project=235562665382 then retry. If you enabled this API recently, wait a few minutes for the action to propagate to our systems and retry.","errors":[{"message":"Compute Engine API has not been used in project 235562665382 before or it is disabled. Enable it by visiting https://console.developers.google.com/apis/api/compute.googleapis.com/overview?project=235562665382 then retry. If you enabled this API recently, wait a few minutes for the action to propagate to our systems and retry.","domain":"usageLimits","reason":"accessNotConfigured","extendedHelp":"https://console.developers.google.com"}],"status":"PERMISSION_DENIED","details":[{"@type":"type.googleapis.com/google.rpc.ErrorInfo","reason":"SERVICE_DISABLED","domain":"googleapis.com","metadata":{"consumer":"projects/235562665382","serviceTitle":"Compute Engine API","containerInfo":"235562665382","activationUrl":"https://console.developers.google.com/apis/api/compute.googleapis.com/overview?project=235562665382","service":"compute.googleapis.com"}},{"@type":"type.googleapis.com/google.rpc.LocalizedMessage","locale":"en-US","message":"Compute Engine API has not been used in project 235562665382 before or it is disabled. Enable it by visiting https://console.developers.google.com/apis/api/compute.googleapis.com/overview?project=235562665382 then retry. If you enabled this API recently, wait a few minutes for the action to propagate to our systems and retry."},{"@type":"type.googleapis.com/google.rpc.Help","links":[{"description":"Google developers console API activation","url":"https://console.developers.google.com/apis/api/compute.googleapis.com/overview?project=235562665382"}]}]}},"response":{"statusCode":403}},"exit":1,"message":"Request to https://compute.googleapis.com/compute/v1/projects/235562665382 had HTTP Error: 403, Compute Engine API has not been used in project 235562665382 before or it is disabled. Enable it by visiting https://console.developers.google.com/apis/api/compute.googleapis.com/overview?project=235562665382 then retry. If you enabled this API recently, wait a few minutes for the action to propagate to our systems and retry.","status":403}
[debug] [2025-11-30T11:05:57.516Z] Checked if tokens are valid: true, expires at: 1764502793055
[debug] [2025-11-30T11:05:57.516Z] Checked if tokens are valid: true, expires at: 1764502793055
[debug] [2025-11-30T11:05:57.516Z] >>> [apiv2][query] GET https://cloudbilling.googleapis.com/v1/projects/patbet-a645f/billingInfo [none]
[debug] [2025-11-30T11:05:58.629Z] <<< [apiv2][status] GET https://cloudbilling.googleapis.com/v1/projects/patbet-a645f/billingInfo 200
[debug] [2025-11-30T11:05:58.629Z] <<< [apiv2][body] GET https://cloudbilling.googleapis.com/v1/projects/patbet-a645f/billingInfo {"name":"projects/patbet-a645f/billingInfo","projectId":"patbet-a645f","billingAccountName":"billingAccounts/013133-C0272D-38F1ED","billingEnabled":true}
[debug] [2025-11-30T11:05:58.632Z] Checked if tokens are valid: true, expires at: 1764502793055
[debug] [2025-11-30T11:05:58.632Z] Checked if tokens are valid: true, expires at: 1764502793055
[debug] [2025-11-30T11:05:58.632Z] >>> [apiv2][query] POST https://cloudfunctions.googleapis.com/v2/projects/patbet-a645f/locations/us-central1/functions:generateUploadUrl [none]
[debug] [2025-11-30T11:06:01.501Z] <<< [apiv2][status] POST https://cloudfunctions.googleapis.com/v2/projects/patbet-a645f/locations/us-central1/functions:generateUploadUrl 200
[debug] [2025-11-30T11:06:01.501Z] <<< [apiv2][body] POST https://cloudfunctions.googleapis.com/v2/projects/patbet-a645f/locations/us-central1/functions:generateUploadUrl {"uploadUrl":"https://storage.googleapis.com/gcf-v2-uploads-235562665382.us-central1.cloudfunctions.appspot.com/ca3e6a2c-5db6-4c14-885d-86dea57c5fca.zip?GoogleAccessId=service-235562665382@gcf-admin-robot.iam.gserviceaccount.com&Expires=1764502561&Signature=MIxgXUmdGxa699WXpo0CwLbLI6PBSJfGvyJDZ4mJoCoxPZuZVwTNvxZ2Qvx3X3b%2BDG5wb%2BiDVyp6ed6fjY28uxQVAbzyrjfYhFnQEvo6yed%2FZpJ5lq6FkhcKOz8MJxj3hoED2RKRsuvtMDMaIQRpxBrUPVmJ%2Bv8Q7cef14FbaufME%2BrAa3cgvdxqfF4PhzP1E%2BvirrDbJTHwo2F4HzgcTlK%2F61GUn9XfjtbZ9pHpf5ccv7tf1UsYe0KGk9WnYFyDFc08Q26FmGxfJLA%2BHVbf5bPfiVXe%2F3iH7bZzluBAzcem%2FIXN3n6JYtuBGE34LoDQIH1JNDkkCHkkeyiJTVhTDg%3D%3D","storageSource":{"bucket":"gcf-v2-uploads-235562665382.us-central1.cloudfunctions.appspot.com","object":"ca3e6a2c-5db6-4c14-885d-86dea57c5fca.zip"}}
[debug] [2025-11-30T11:06:01.503Z] >>> [apiv2][query] PUT https://storage.googleapis.com/gcf-v2-uploads-235562665382.us-central1.cloudfunctions.appspot.com/ca3e6a2c-5db6-4c14-885d-86dea57c5fca.zip GoogleAccessId=service-235562665382%40gcf-admin-robot.iam.gserviceaccount.com&Expires=1764502561&Signature=MIxgXUmdGxa699WXpo0CwLbLI6PBSJfGvyJDZ4mJoCoxPZuZVwTNvxZ2Qvx3X3b%2BDG5wb%2BiDVyp6ed6fjY28uxQVAbzyrjfYhFnQEvo6yed%2FZpJ5lq6FkhcKOz8MJxj3hoED2RKRsuvtMDMaIQRpxBrUPVmJ%2Bv8Q7cef14FbaufME%2BrAa3cgvdxqfF4PhzP1E%2BvirrDbJTHwo2F4HzgcTlK%2F61GUn9XfjtbZ9pHpf5ccv7tf1UsYe0KGk9WnYFyDFc08Q26FmGxfJLA%2BHVbf5bPfiVXe%2F3iH7bZzluBAzcem%2FIXN3n6JYtuBGE34LoDQIH1JNDkkCHkkeyiJTVhTDg%3D%3D
[debug] [2025-11-30T11:06:01.503Z] >>> [apiv2][body] PUT https://storage.googleapis.com/gcf-v2-uploads-235562665382.us-central1.cloudfunctions.appspot.com/ca3e6a2c-5db6-4c14-885d-86dea57c5fca.zip [stream]
[debug] [2025-11-30T11:06:05.836Z] <<< [apiv2][status] PUT https://storage.googleapis.com/gcf-v2-uploads-235562665382.us-central1.cloudfunctions.appspot.com/ca3e6a2c-5db6-4c14-885d-86dea57c5fca.zip 200
[debug] [2025-11-30T11:06:05.836Z] <<< [apiv2][body] PUT https://storage.googleapis.com/gcf-v2-uploads-235562665382.us-central1.cloudfunctions.appspot.com/ca3e6a2c-5db6-4c14-885d-86dea57c5fca.zip [omitted]
[info] +  functions: functions source uploaded successfully 
[info] i  functions: creating Node.js 20 (2nd Gen) function updateBetsInstant(us-central1)... 
[debug] [2025-11-30T11:06:05.845Z] Checked if tokens are valid: true, expires at: 1764502793055
[debug] [2025-11-30T11:06:05.845Z] Checked if tokens are valid: true, expires at: 1764502793055
[debug] [2025-11-30T11:06:05.845Z] >>> [apiv2][query] POST https://cloudfunctions.googleapis.com/v2/projects/patbet-a645f/locations/us-central1/functions functionId=updateBetsInstant
[debug] [2025-11-30T11:06:05.846Z] >>> [apiv2][body] POST https://cloudfunctions.googleapis.com/v2/projects/patbet-a645f/locations/us-central1/functions {"name":"projects/patbet-a645f/locations/us-central1/functions/updateBetsInstant","buildConfig":{"runtime":"nodejs20","entryPoint":"updateBetsInstant","source":{"storageSource":{"bucket":"gcf-v2-uploads-235562665382.us-central1.cloudfunctions.appspot.com","object":"ca3e6a2c-5db6-4c14-885d-86dea57c5fca.zip"}},"environmentVariables":{"GOOGLE_NODE_RUN_SCRIPTS":""}},"serviceConfig":{"environmentVariables":{"FIREBASE_CONFIG":"{\"projectId\":\"patbet-a645f\",\"storageBucket\":\"patbet-a645f.firebasestorage.app\"}","GCLOUD_PROJECT":"patbet-a645f","EVENTARC_CLOUD_EVENT_SOURCE":"projects/patbet-a645f/locations/us-central1/services/updateBetsInstant","FUNCTION_SIGNATURE_TYPE":"cloudevent","FUNCTION_TARGET":"updateBetsInstant","LOG_EXECUTION_ID":"true"},"ingressSettings":null,"timeoutSeconds":null,"serviceAccountEmail":null,"availableMemory":"256Mi","minInstanceCount":null,"maxInstanceCount":null,"maxInstanceRequestConcurrency":80,"availableCpu":"1","vpcConnector":null,"vpcConnectorEgressSettings":null},"labels":{"deployment-tool":"cli-firebase","firebase-functions-hash":"b8ea14d46fc0c3e0ee6d2a22c3688c0448be6bff"},"eventTrigger":{"eventType":"google.cloud.firestore.document.v1.updated","retryPolicy":"RETRY_POLICY_DO_NOT_RETRY","eventFilters":[{"attribute":"database","value":"(default)"},{"attribute":"namespace","value":"(default)"},{"attribute":"document","value":"games/{gameId}","operator":"match-path-pattern"}],"triggerRegion":"nam5"}}
[debug] [2025-11-30T11:06:23.715Z] <<< [apiv2][status] POST https://cloudfunctions.googleapis.com/v2/projects/patbet-a645f/locations/us-central1/functions 400
[debug] [2025-11-30T11:06:23.715Z] <<< [apiv2][body] POST https://cloudfunctions.googleapis.com/v2/projects/patbet-a645f/locations/us-central1/functions {"error":{"code":400,"message":"Validation failed for trigger projects/patbet-a645f/locations/nam5/triggers/updatebetsinstant-989149: Invalid resource state for \"\": Permission denied while using the Eventarc Service Agent. If you recently started to use Eventarc, it may take a few minutes before all necessary permissions are propagated to the Service Agent. Otherwise, verify that it has Eventarc Service Agent role.","status":"FAILED_PRECONDITION"}}
[warn] !  functions: Request to https://cloudfunctions.googleapis.com/v2/projects/patbet-a645f/locations/us-central1/functions?functionId=updateBetsInstant had HTTP Error: 400, Validation failed for trigger projects/patbet-a645f/locations/nam5/triggers/updatebetsinstant-989149: Invalid resource state for "": Permission denied while using the Eventarc Service Agent. If you recently started to use Eventarc, it may take a few minutes before all necessary permissions are propagated to the Service Agent. Otherwise, verify that it has Eventarc Service Agent role. 
[warn] !  functions: Since this is your first time using 2nd gen functions, we need a little bit longer to finish setting everything up. Retry the deployment in a few minutes. 
[warn] !  functions:  failed to create function projects/patbet-a645f/locations/us-central1/functions/updateBetsInstant 
[error] Failed to create function projects/patbet-a645f/locations/us-central1/functions/updateBetsInstant
[debug] [2025-11-30T11:06:23.735Z] Total Function Deployment time: 17880
[debug] [2025-11-30T11:06:23.735Z] 1 Functions Deployed
[debug] [2025-11-30T11:06:23.735Z] 1 Functions Errored
[debug] [2025-11-30T11:06:23.735Z] 0 Function Deployments Aborted
[debug] [2025-11-30T11:06:23.735Z] Average Function Deployment time: 17879
[info] 
[info] Functions deploy had errors with the following functions:
	updateBetsInstant(us-central1)
[debug] [2025-11-30T11:06:24.101Z] Checked if tokens are valid: true, expires at: 1764502793055
[debug] [2025-11-30T11:06:24.101Z] Checked if tokens are valid: true, expires at: 1764502793055
[debug] [2025-11-30T11:06:24.101Z] >>> [apiv2][query] GET https://artifactregistry.googleapis.com/v1/projects/patbet-a645f/locations/us-central1/repositories/gcf-artifacts [none]
[debug] [2025-11-30T11:06:26.076Z] <<< [apiv2][status] GET https://artifactregistry.googleapis.com/v1/projects/patbet-a645f/locations/us-central1/repositories/gcf-artifacts 404
[debug] [2025-11-30T11:06:26.076Z] <<< [apiv2][body] GET https://artifactregistry.googleapis.com/v1/projects/patbet-a645f/locations/us-central1/repositories/gcf-artifacts {"error":{"code":404,"message":"Requested entity was not found.","status":"NOT_FOUND"}}
[debug] [2025-11-30T11:06:26.076Z] Failed to check artifact cleanup policy for region us-central1: Request to https://artifactregistry.googleapis.com/v1/projects/patbet-a645f/locations/us-central1/repositories/gcf-artifacts had HTTP Error: 404, Requested entity was not found. {"name":"FirebaseError","children":[],"context":{"body":{"error":{"code":404,"message":"Requested entity was not found.","status":"NOT_FOUND"}},"response":{"statusCode":404}},"exit":1,"message":"Request to https://artifactregistry.googleapis.com/v1/projects/patbet-a645f/locations/us-central1/repositories/gcf-artifacts had HTTP Error: 404, Requested entity was not found.","status":404}
[debug] [2025-11-30T11:06:26.077Z] Functions deploy failed.
[debug] [2025-11-30T11:06:26.077Z] {
  "endpoint": {
    "id": "updateBetsInstant",
    "project": "patbet-a645f",
    "region": "us-central1",
    "entryPoint": "updateBetsInstant",
    "platform": "gcfv2",
    "runtime": "nodejs20",
    "eventTrigger": {
      "eventType": "google.cloud.firestore.document.v1.updated",
      "retry": false,
      "eventFilters": {
        "database": "(default)",
        "namespace": "(default)"
      },
      "eventFilterPathPatterns": {
        "document": "games/{gameId}"
      },
      "region": "nam5"
    },
    "labels": {
      "deployment-tool": "cli-firebase"
    },
    "serviceAccount": null,
    "ingressSettings": null,
    "availableMemoryMb": null,
    "timeoutSeconds": null,
    "maxInstances": null,
    "minInstances": null,
    "concurrency": 80,
    "vpc": null,
    "environmentVariables": {
      "FIREBASE_CONFIG": "{\"projectId\":\"patbet-a645f\",\"storageBucket\":\"patbet-a645f.firebasestorage.app\"}",
      "GCLOUD_PROJECT": "patbet-a645f",
      "EVENTARC_CLOUD_EVENT_SOURCE": "projects/patbet-a645f/locations/us-central1/services/updateBetsInstant"
    },
    "codebase": "default",
    "cpu": 1,
    "targetedByOnly": false,
    "hash": "b8ea14d46fc0c3e0ee6d2a22c3688c0448be6bff"
  },
  "op": "create",
  "original": {
    "name": "FirebaseError",
    "children": [],
    "context": {
      "function": "projects/patbet-a645f/locations/us-central1/functions/updateBetsInstant"
    },
    "exit": 1,
    "message": "Failed to create function projects/patbet-a645f/locations/us-central1/functions/updateBetsInstant",
    "original": {
      "name": "FirebaseError",
      "children": [],
      "context": {
        "body": {
          "error": {
            "code": 400,
            "message": "Validation failed for trigger projects/patbet-a645f/locations/nam5/triggers/updatebetsinstant-989149: Invalid resource state for \"\": Permission denied while using the Eventarc Service Agent. If you recently started to use Eventarc, it may take a few minutes before all necessary permissions are propagated to the Service Agent. Otherwise, verify that it has Eventarc Service Agent role.",
            "status": "FAILED_PRECONDITION"
          }
        },
        "response": {
          "statusCode": 400
        }
      },
      "exit": 1,
      "message": "Request to https://cloudfunctions.googleapis.com/v2/projects/patbet-a645f/locations/us-central1/functions?functionId=updateBetsInstant had HTTP Error: 400, Validation failed for trigger projects/patbet-a645f/locations/nam5/triggers/updatebetsinstant-989149: Invalid resource state for \"\": Permission denied while using the Eventarc Service Agent. If you recently started to use Eventarc, it may take a few minutes before all necessary permissions are propagated to the Service Agent. Otherwise, verify that it has Eventarc Service Agent role.",
      "status": 400
    },
    "status": 400,
    "code": 400
  }
}
[debug] [2025-11-30T11:06:26.210Z] Error: Failed to create function updateBetsInstant in region us-central1
    at C:\Users\HP\AppData\Local\nvm\v20.19.0\node_modules\firebase-tools\lib\deploy\functions\release\fabricator.js:306:27
    at process.processTicksAndRejections (node:internal/process/task_queues:95:5)
    at async Fabricator.createV2Function (C:\Users\HP\AppData\Local\nvm\v20.19.0\node_modules\firebase-tools\lib\deploy\functions\release\fabricator.js:290:30)
    at async Fabricator.createEndpoint (C:\Users\HP\AppData\Local\nvm\v20.19.0\node_modules\firebase-tools\lib\deploy\functions\release\fabricator.js:137:13)
    at async handle (C:\Users\HP\AppData\Local\nvm\v20.19.0\node_modules\firebase-tools\lib\deploy\functions\release\fabricator.js:89:17)
[error] 
[error] Error: There was an error deploying functions
